# JRE version: OpenJDK Runtime Environment (8.0_212-b04) (build 1.8.0_212-release-1586-b04)
# Java VM: OpenJDK 64-Bit Server VM (25.212-b04 mixed mode windows-amd64 compressed oops)
Heap:
 PSYoungGen      total 389632K, used 389607K [0x00000000e0000000, 0x0000000100000000, 0x0000000100000000)
  eden space 293888K, 100% used [0x00000000e0000000,0x00000000f1f00000,0x00000000f1f00000)
  from space 95744K, 99% used [0x00000000f9980000,0x00000000ff6f9fb0,0x00000000ff700000)
  to   space 115200K, 6% used [0x00000000f1f00000,0x00000000f26dc0a0,0x00000000f8f80000)
 ParOldGen       total 285184K, used 238233K [0x00000000a0000000, 0x00000000b1680000, 0x00000000e0000000)
  object space 285184K, 83% used [0x00000000a0000000,0x00000000ae8a6708,0x00000000b1680000)
 Metaspace       used 97126K, capacity 103530K, committed 103768K, reserved 1140736K
  class space    used 12254K, capacity 13378K, committed 13400K, reserved 1048576K
GC Heap History (10 events):
Event: 3950.960 GC heap after
Heap after GC invocations=38 (full 4):
 PSYoungGen      total 415232K, used 61910K [0x00000000e0000000, 0x00000000ffd80000, 0x0000000100000000)
  eden space 311808K, 0% used [0x00000000e0000000,0x00000000e0000000,0x00000000f3080000)
  from space 103424K, 59% used [0x00000000f9880000,0x00000000fd4f5988,0x00000000ffd80000)
  to   space 104960K, 0% used [0x00000000f3080000,0x00000000f3080000,0x00000000f9700000)
 ParOldGen       total 285184K, used 206524K [0x00000000a0000000, 0x00000000b1680000, 0x00000000e0000000)
  object space 285184K, 72% used [0x00000000a0000000,0x00000000ac9af170,0x00000000b1680000)
 Metaspace       used 95753K, capacity 100770K, committed 100824K, reserved 1136640K
  class space    used 12048K, capacity 12998K, committed 13016K, reserved 1048576K
}
Event: 3955.074 GC heap before
{Heap before GC invocations=39 (full 4):
 PSYoungGen      total 415232K, used 371494K [0x00000000e0000000, 0x00000000ffd80000, 0x0000000100000000)
  eden space 311808K, 99% used [0x00000000e0000000,0x00000000f2e54198,0x00000000f3080000)
  from space 103424K, 59% used [0x00000000f9880000,0x00000000fd4f5988,0x00000000ffd80000)
  to   space 104960K, 0% used [0x00000000f3080000,0x00000000f3080000,0x00000000f9700000)
 ParOldGen       total 285184K, used 206524K [0x00000000a0000000, 0x00000000b1680000, 0x00000000e0000000)
  object space 285184K, 72% used [0x00000000a0000000,0x00000000ac9af170,0x00000000b1680000)
 Metaspace       used 95822K, capacity 100924K, committed 101080K, reserved 1136640K
  class space    used 12049K, capacity 12999K, committed 13016K, reserved 1048576K
Event: 3955.249 GC heap after
Heap after GC invocations=39 (full 4):
 PSYoungGen      total 416768K, used 54113K [0x00000000e0000000, 0x00000000ff980000, 0x0000000100000000)
  eden space 311808K, 0% used [0x00000000e0000000,0x00000000e0000000,0x00000000f3080000)
  from space 104960K, 51% used [0x00000000f3080000,0x00000000f6558668,0x00000000f9700000)
  to   space 100864K, 0% used [0x00000000f9700000,0x00000000f9700000,0x00000000ff980000)
 ParOldGen       total 285184K, used 206532K [0x00000000a0000000, 0x00000000b1680000, 0x00000000e0000000)
  object space 285184K, 72% used [0x00000000a0000000,0x00000000ac9b1170,0x00000000b1680000)
 Metaspace       used 95822K, capacity 100924K, committed 101080K, reserved 1136640K
  class space    used 12049K, capacity 12999K, committed 13016K, reserved 1048576K
}
Event: 4314.258 GC heap before
{Heap before GC invocations=40 (full 4):
 PSYoungGen      total 416768K, used 365921K [0x00000000e0000000, 0x00000000ff980000, 0x0000000100000000)
  eden space 311808K, 100% used [0x00000000e0000000,0x00000000f3080000,0x00000000f3080000)
  from space 104960K, 51% used [0x00000000f3080000,0x00000000f6558668,0x00000000f9700000)
  to   space 100864K, 0% used [0x00000000f9700000,0x00000000f9700000,0x00000000ff980000)
 ParOldGen       total 285184K, used 206532K [0x00000000a0000000, 0x00000000b1680000, 0x00000000e0000000)
  object space 285184K, 72% used [0x00000000a0000000,0x00000000ac9b1170,0x00000000b1680000)
 Metaspace       used 96906K, capacity 103300K, committed 103512K, reserved 1138688K
  class space    used 12251K, capacity 13373K, committed 13400K, reserved 1048576K
Event: 4315.736 GC heap after
Heap after GC invocations=40 (full 4):
 PSYoungGen      total 417792K, used 61990K [0x00000000e0000000, 0x00000000ffa00000, 0x0000000100000000)
  eden space 316928K, 0% used [0x00000000e0000000,0x00000000e0000000,0x00000000f3580000)
  from space 100864K, 61% used [0x00000000f9700000,0x00000000fd389ae8,0x00000000ff980000)
  to   space 99840K, 0% used [0x00000000f3580000,0x00000000f3580000,0x00000000f9700000)
 ParOldGen       total 285184K, used 206684K [0x00000000a0000000, 0x00000000b1680000, 0x00000000e0000000)
  object space 285184K, 72% used [0x00000000a0000000,0x00000000ac9d7170,0x00000000b1680000)
 Metaspace       used 96906K, capacity 103300K, committed 103512K, reserved 1138688K
  class space    used 12251K, capacity 13373K, committed 13400K, reserved 1048576K
}
Event: 4753.551 GC heap before
{Heap before GC invocations=41 (full 4):
 PSYoungGen      total 417792K, used 378918K [0x00000000e0000000, 0x00000000ffa00000, 0x0000000100000000)
  eden space 316928K, 100% used [0x00000000e0000000,0x00000000f3580000,0x00000000f3580000)
  from space 100864K, 61% used [0x00000000f9700000,0x00000000fd389ae8,0x00000000ff980000)
  to   space 99840K, 0% used [0x00000000f3580000,0x00000000f3580000,0x00000000f9700000)
 ParOldGen       total 285184K, used 206684K [0x00000000a0000000, 0x00000000b1680000, 0x00000000e0000000)
  object space 285184K, 72% used [0x00000000a0000000,0x00000000ac9d7170,0x00000000b1680000)
 Metaspace       used 96988K, capacity 103376K, committed 103512K, reserved 1138688K
  class space    used 12252K, capacity 13375K, committed 13400K, reserved 1048576K
Event: 4754.147 GC heap after
Heap after GC invocations=41 (full 4):
 PSYoungGen      total 416768K, used 50178K [0x00000000e0000000, 0x00000000ff700000, 0x0000000100000000)
  eden space 316928K, 0% used [0x00000000e0000000,0x00000000e0000000,0x00000000f3580000)
  from space 99840K, 50% used [0x00000000f3580000,0x00000000f6680910,0x00000000f9700000)
  to   space 95744K, 0% used [0x00000000f9980000,0x00000000f9980000,0x00000000ff700000)
 ParOldGen       total 285184K, used 206692K [0x00000000a0000000, 0x00000000b1680000, 0x00000000e0000000)
  object space 285184K, 72% used [0x00000000a0000000,0x00000000ac9d9170,0x00000000b1680000)
 Metaspace       used 96988K, capacity 103376K, committed 103512K, reserved 1138688K
  class space    used 12252K, capacity 13375K, committed 13400K, reserved 1048576K
}
Event: 4767.319 GC heap before
{Heap before GC invocations=42 (full 4):
 PSYoungGen      total 416768K, used 367106K [0x00000000e0000000, 0x00000000ff700000, 0x0000000100000000)
  eden space 316928K, 100% used [0x00000000e0000000,0x00000000f3580000,0x00000000f3580000)
  from space 99840K, 50% used [0x00000000f3580000,0x00000000f6680910,0x00000000f9700000)
  to   space 95744K, 0% used [0x00000000f9980000,0x00000000f9980000,0x00000000ff700000)
 ParOldGen       total 285184K, used 206692K [0x00000000a0000000, 0x00000000b1680000, 0x00000000e0000000)
  object space 285184K, 72% used [0x00000000a0000000,0x00000000ac9d9170,0x00000000b1680000)
 Metaspace       used 97039K, capacity 103394K, committed 103512K, reserved 1138688K
  class space    used 12253K, capacity 13378K, committed 13400K, reserved 1048576K
Event: 4767.820 GC heap after
Heap after GC invocations=42 (full 4):
 PSYoungGen      total 389632K, used 95719K [0x00000000e0000000, 0x0000000100000000, 0x0000000100000000)
  eden space 293888K, 0% used [0x00000000e0000000,0x00000000e0000000,0x00000000f1f00000)
  from space 95744K, 99% used [0x00000000f9980000,0x00000000ff6f9fb0,0x00000000ff700000)
  to   space 115200K, 0% used [0x00000000f1f00000,0x00000000f1f00000,0x00000000f8f80000)
 ParOldGen       total 285184K, used 227704K [0x00000000a0000000, 0x00000000b1680000, 0x00000000e0000000)
  object space 285184K, 79% used [0x00000000a0000000,0x00000000ade5e338,0x00000000b1680000)
 Metaspace       used 97039K, capacity 103394K, committed 103512K, reserved 1138688K
  class space    used 12253K, capacity 13378K, committed 13400K, reserved 1048576K
}
Event: 5314.488 GC heap before
{Heap before GC invocations=43 (full 4):
 PSYoungGen      total 389632K, used 389607K [0x00000000e0000000, 0x0000000100000000, 0x0000000100000000)
  eden space 293888K, 100% used [0x00000000e0000000,0x00000000f1f00000,0x00000000f1f00000)
  from space 95744K, 99% used [0x00000000f9980000,0x00000000ff6f9fb0,0x00000000ff700000)
  to   space 115200K, 0% used [0x00000000f1f00000,0x00000000f1f00000,0x00000000f8f80000)
 ParOldGen       total 285184K, used 227704K [0x00000000a0000000, 0x00000000b1680000, 0x00000000e0000000)
  object space 285184K, 79% used [0x00000000a0000000,0x00000000ade5e338,0x00000000b1680000)
 Metaspace       used 97126K, capacity 103530K, committed 103768K, reserved 1140736K
  class space    used 12254K, capacity 13378K, committed 13400K, reserved 1048576K

